<?xml version="1.0" encoding="UTF-8"?>
<!-- Generated by org.testng.reporters.JUnitReportReporter -->
<testsuite skipped="0" hostname="DESKTOP-DCB3DST" name="com.gmail.testscripts.SendEmail" tests="1" failures="0" timestamp="01 Dec 2019 23:34:55 GMT" time="32.127" errors="0">
  <testcase name="tc_01_sendEmail" time="32.127" classname="com.gmail.testscripts.SendEmail"/>
</testsuite> <!-- com.gmail.testscripts.SendEmail -->
